cfg kaa 3
block 0
	instrs 0
	successors 1 1
	predecessors 0
block 1
	instrs 4 0 1 2 3
	successors 1 2
	predecessors 1 0
block 2
	instrs 0
	successors 0
	predecessors 1 1
idominators kaa 3
block 0
	idom
block 1
	idom 0
block 2
	idom 1
cfg blah 7
block 0
	instrs 0
	successors 1 1
	predecessors 0
block 1
	instrs 5 0 1 2 3 4
	successors 2 2 5
	predecessors 1 0
block 2
	instrs 3 5 6 7
	successors 1 3
	predecessors 2 1 3
block 3
	instrs 4 8 9 10 11
	successors 2 2 4
	predecessors 1 2
block 4
	instrs 1 12
	successors 1 5
	predecessors 1 3
block 5
	instrs 2 13 14
	successors 1 6
	predecessors 2 1 4
block 6
	instrs 0
	successors 0
	predecessors 1 5
idominators blah 7
block 0
	idom
block 1
	idom 0
block 2
	idom 1
block 3
	idom 2
block 4
	idom 3
block 5
	idom 1
block 6
	idom 5
cfg main 22
block 0
	instrs 0
	successors 1 1
	predecessors 0
block 1
	instrs 6 0 1 2 3 4 5
	successors 2 2 4
	predecessors 1 0
block 2
	instrs 3 6 7 8
	successors 2 3 19
	predecessors 1 1
block 3
	instrs 1 9
	successors 7 13 14 15 16 17 18 19
	predecessors 1 2
block 4
	instrs 4 10 11 12 13
	successors 2 5 7
	predecessors 1 1
block 5
	instrs 3 14 15 16
	successors 2 6 7
	predecessors 1 4
block 6
	instrs 1 17
	successors 7 8 9 10 11 12 19 19
	predecessors 1 5
block 7
	instrs 2 18 19
	successors 1 19
	predecessors 2 4 5
block 8
	instrs 3 20 21 22
	successors 1 9
	predecessors 1 6
block 9
	instrs 4 23 24 25 26
	successors 1 10
	predecessors 2 6 8
block 10
	instrs 4 27 28 29 30
	successors 1 11
	predecessors 2 6 9
block 11
	instrs 4 31 32 33 34
	successors 1 12
	predecessors 2 6 10
block 12
	instrs 4 35 36 37 38
	successors 1 13
	predecessors 2 6 11
block 13
	instrs 4 39 40 41 42
	successors 1 14
	predecessors 2 3 12
block 14
	instrs 3 43 44 45
	successors 1 21
	predecessors 2 3 13
block 15
	instrs 3 46 47 48
	successors 1 21
	predecessors 1 3
block 16
	instrs 4 49 50 51 52
	successors 1 17
	predecessors 1 3
block 17
	instrs 4 53 54 55 56
	successors 1 18
	predecessors 2 3 16
block 18
	instrs 3 57 58 59
	successors 1 21
	predecessors 2 3 17
block 19
	instrs 4 60 61 62 63
	successors 1 20
	predecessors 5 2 3 6 6 7
block 20
	instrs 3 64 65 66
	successors 1 21
	predecessors 1 19
block 21
	instrs 0
	successors 0
	predecessors 4 14 15 18 20
idominators main 22
block 0
	idom
block 1
	idom 0
block 2
	idom 1
block 3
	idom 2
block 4
	idom 1
block 5
	idom 4
block 6
	idom 5
block 7
	idom 4
block 8
	idom 6
block 9
	idom 6
block 10
	idom 6
block 11
	idom 6
block 12
	idom 6
block 13
	idom 1
block 14
	idom 1
block 15
	idom 3
block 16
	idom 3
block 17
	idom 3
block 18
	idom 3
block 19
	idom 1
block 20
	idom 19
block 21
	idom 1
